Arguments: 
  /usr/local/Cellar/node/7.7.1/bin/node /usr/local/bin/yarn install

PATH: 
  /usr/local/bin:/usr/bin:/bin:/usr/sbin:/sbin

Yarn version: 
  0.21.3

Node version: 
  7.7.1

Platform: 
  darwin x64

npm manifest: 
  {
    "name": "angular-hot-loader",
    "version": "0.8.5",
    "description": "Webpack loader for Hot Module Replacement in Angular 1.x applications.",
    "main": "index.js",
    "scripts": {
      "test": "test"
    },
    "author": "Vitaliy Bobrov",
    "license": "ISC",
    "dependencies": {
      "loader-utils": "^0.2.16",
      "source-map": "^0.5.6",
      "to-factory": "^1.0.0"
    },
    "repository": {
      "type": "git",
      "url": "git+https://github.com/vitaliy-bobrov/angular-hot-loader.git"
    },
    "keywords": [
      "Angular",
      "loader",
      "webpack",
      "HMR",
      "hot module replacement"
    ],
    "bugs": {
      "url": "https://github.com/vitaliy-bobrov/angular-hot-loader/issues"
    },
    "homepage": "https://github.com/vitaliy-bobrov/angular-hot-loader#readme"
  }

yarn manifest: 
  No manifest

Lockfile: 
  No lockfile

Trace: 
  Error: ENOENT: no such file or directory, open '/usr/local/lib/node_modules/yarn/node_modules/har-validator/lib/index.js'
      at Object.fs.openSync (fs.js:583:18)
      at Object.fs.readFileSync (fs.js:490:33)
      at Object.Module._extensions..js (module.js:579:20)
      at Module.load (module.js:488:32)
      at tryModuleLoad (module.js:447:12)
      at Function.Module._load (module.js:439:3)
      at Module.require (module.js:498:17)
      at require (internal/module.js:20:19)
      at Object.<anonymous> (/usr/local/lib/node_modules/yarn/node_modules/request/lib/har.js:5:16)
      at Module._compile (module.js:571:32)
